1632468710841	geckodriver	INFO	Listening on 127.0.0.1:53426
1632468713884	mozrunner::runner	INFO	Running command: "C:\\Program Files\\Mozilla Firefox\\firefox.exe" "--marionette" "-foreground" "-no-remote" "-profile" "C:\\Users\\KUMARG~1\\AppData\\Local\\Temp\\rust_mozprofileCltyYV"
1632468714529	Marionette	INFO	Marionette enabled
console.warn: SearchSettings: "get: No settings file exists, new profile?" (new NotFoundError("Could not open the file at C:\\Users\\KumarGaurav\\AppData\\Local\\Temp\\rust_mozprofileCltyYV\\search.json.mozlz4", (void 0)))
1632468717743	Marionette	INFO	Listening on port 51009
1632468718123	RemoteAgent	WARN	TLS certificate errors will be ignored for this session
JavaScript warning: https://pagead2.googlesyndication.com/bg/-1aq-589pTXQhIX0O0sr0by93NOseZw7_D6wdr9M3ZU.js line 1 > eval line 3492 > eval, line 1: WEBGL_debug_renderer_info is deprecated in Firefox and will be removed. Please use RENDERER.
Marionette threw an error: TypeError: browsingContext.currentWindowGlobal is null
getMarionetteCommandsActorProxy/get/<@chrome://remote/content/marionette/actors/MarionetteCommandsParent.jsm:326:29

1632468727376	Marionette	INFO	Stopped listening on port 51009
JavaScript error: resource:///modules/Interactions.jsm, line 230: NS_ERROR_FAILURE: Component returned failure code: 0x80004005 (NS_ERROR_FAILURE) [nsIUserIdleService.removeIdleObserver]

###!!! [Parent][RunMessage] Error: Channel closing: too late to send/recv, messages will be lost

1632468738789	geckodriver	INFO	Listening on 127.0.0.1:50935
1632468741861	mozrunner::runner	INFO	Running command: "C:\\Program Files\\Mozilla Firefox\\firefox.exe" "--marionette" "-foreground" "-no-remote" "-profile" "C:\\Users\\KUMARG~1\\AppData\\Local\\Temp\\rust_mozprofile5naI8H"
1632468742234	Marionette	INFO	Marionette enabled
console.warn: SearchSettings: "get: No settings file exists, new profile?" (new NotFoundError("Could not open the file at C:\\Users\\KumarGaurav\\AppData\\Local\\Temp\\rust_mozprofile5naI8H\\search.json.mozlz4", (void 0)))
1632468745307	Marionette	INFO	Listening on port 58678
1632468745591	RemoteAgent	WARN	TLS certificate errors will be ignored for this session
JavaScript warning: https://pagead2.googlesyndication.com/bg/-1aq-589pTXQhIX0O0sr0by93NOseZw7_D6wdr9M3ZU.js line 1 > eval line 894 > eval line 1 > eval, line 1: WEBGL_debug_renderer_info is deprecated in Firefox and will be removed. Please use RENDERER.
JavaScript warning: https://pagead2.googlesyndication.com/bg/-1aq-589pTXQhIX0O0sr0by93NOseZw7_D6wdr9M3ZU.js line 1 > eval line 776 > eval line 1 > eval, line 1: WEBGL_debug_renderer_info is deprecated in Firefox and will be removed. Please use RENDERER.
JavaScript warning: https://pagead2.googlesyndication.com/bg/-1aq-589pTXQhIX0O0sr0by93NOseZw7_D6wdr9M3ZU.js line 1 > eval line 6733 > eval, line 1: WEBGL_debug_renderer_info is deprecated in Firefox and will be removed. Please use RENDERER.
Marionette threw an error: TypeError: browsingContext.currentWindowGlobal is null
getMarionetteCommandsActorProxy/get/<@chrome://remote/content/marionette/actors/MarionetteCommandsParent.jsm:326:29

JavaScript error: , line 0: TypeError: NetworkError when attempting to fetch resource.
1632468769220	Marionette	INFO	Stopped listening on port 58678
JavaScript error: resource:///modules/Interactions.jsm, line 230: NS_ERROR_FAILURE: Component returned failure code: 0x80004005 (NS_ERROR_FAILURE) [nsIUserIdleService.removeIdleObserver]

###!!! [Parent][RunMessage] Error: Channel closing: too late to send/recv, messages will be lost

1632485401419	geckodriver	INFO	Listening on 127.0.0.1:57855
1632485404545	mozrunner::runner	INFO	Running command: "C:\\Program Files\\Mozilla Firefox\\firefox.exe" "--marionette" "-foreground" "-no-remote" "-profile" "C:\\Users\\KUMARG~1\\AppData\\Local\\Temp\\rust_mozprofileomEVfU"
1632485405993	Marionette	INFO	Marionette enabled
console.warn: SearchSettings: "get: No settings file exists, new profile?" (new NotFoundError("Could not open the file at C:\\Users\\KumarGaurav\\AppData\\Local\\Temp\\rust_mozprofileomEVfU\\search.json.mozlz4", (void 0)))
1632485410457	Marionette	INFO	Listening on port 49929
1632485410543	RemoteAgent	WARN	TLS certificate errors will be ignored for this session
JavaScript warning: https://pagead2.googlesyndication.com/bg/-1aq-589pTXQhIX0O0sr0by93NOseZw7_D6wdr9M3ZU.js line 1 > eval line 3262 > eval line 1 > eval, line 1: WEBGL_debug_renderer_info is deprecated in Firefox and will be removed. Please use RENDERER.
console.log: WebExtensions: reset-default-search: starting.
console.log: WebExtensions: reset-default-search: No addons in our list are installed.
JavaScript error: , line 0: NS_ERROR_NOT_AVAILABLE
1632491444256	Marionette	INFO	Stopped listening on port 49929
JavaScript error: resource:///modules/Interactions.jsm, line 230: NS_ERROR_FAILURE: Component returned failure code: 0x80004005 (NS_ERROR_FAILURE) [nsIUserIdleService.removeIdleObserver]

###!!! [Parent][RunMessage] Error: Channel closing: too late to send/recv, messages will be lost

